<?xml version="1.0" encoding="UTF-8"?>
<!-- Generated by org.testng.reporters.JUnitReportReporter -->
<testsuite hostname="preet" failures="0" tests="3" name="com.testng.code.Tri_Combo_TestNG" time="0.064" errors="0" timestamp="2022-08-02T13:31:32 GMT-04:00" skipped="0">
  <testcase classname="com.testng.code.Tri_Combo_TestNG" name="testcase2" time="0.029"/>
  <system-out/>
  <testcase classname="com.testng.code.Tri_Combo_TestNG" name="testcase1" time="0.025"/>
  <system-out/>
  <testcase classname="com.testng.code.Tri_Combo_TestNG" name="testcase3" time="0.010"/>
  <system-out/>
</testsuite> <!-- com.testng.code.Tri_Combo_TestNG -->
