<?xml version="1.0" encoding="UTF-8"?>
<!-- Generated by org.testng.reporters.JUnitReportReporter -->
<testsuite hostname="preet" failures="0" tests="1" name="com.testng.code.Pattern5" time="0.047" errors="0" timestamp="2022-08-06T19:36:14 GMT-04:00" skipped="0">
  <testcase classname="com.testng.code.Pattern5" name="pattern5Test" time="0.047"/>
  <system-out/>
</testsuite> <!-- com.testng.code.Pattern5 -->
