<?xml version="1.0" encoding="UTF-8"?>
<!-- Generated by org.testng.reporters.JUnitReportReporter -->
<testsuite hostname="preet" failures="0" tests="5" name="com.testng.code.Only_TestCases" time="0.046" errors="0" timestamp="2022-08-02T14:01:33 GMT-04:00" skipped="1">
  <testcase classname="com.testng.code.Only_TestCases" name="oneTestCase" time="0.007"/>
  <system-out/>
  <testcase classname="com.testng.code.Only_TestCases" name="fourTestCase" time="0.030"/>
  <system-out/>
  <testcase classname="com.testng.code.Only_TestCases" name="threeTestCase" time="0.004"/>
  <system-out/>
  <testcase classname="com.testng.code.Only_TestCases" name="twoTestCase" time="0.005"/>
  <system-out/>
  <testcase classname="com.testng.code.Only_TestCases" name="fiveTestCase">
    <skipped/>
  </testcase> <!-- fiveTestCase -->
  <system-out/>
</testsuite> <!-- com.testng.code.Only_TestCases -->
