<?xml version="1.0" encoding="UTF-8"?>
<!-- Generated by org.testng.reporters.JUnitReportReporter -->
<testsuite hostname="preet" failures="0" tests="4" name="com.testng.code.Id_Is" time="33.495" errors="0" timestamp="2022-08-10T11:02:13 GMT-04:00" skipped="0">
  <testcase classname="com.testng.code.Id_Is" name="validations" time="20.647"/>
  <system-out/>
  <testcase classname="com.testng.code.Id_Is" name="validations3" time="11.598"/>
  <system-out/>
  <testcase classname="com.testng.code.Id_Is" name="validations1" time="0.483"/>
  <system-out/>
  <testcase classname="com.testng.code.Id_Is" name="validations2" time="0.767"/>
  <system-out/>
</testsuite> <!-- com.testng.code.Id_Is -->
