<?xml version="1.0" encoding="UTF-8"?>
<!-- Generated by org.testng.reporters.JUnitReportReporter -->
<testsuite hostname="preet" failures="0" tests="1" name="com.testng.code.Sequence_TestNG_Annotation_Execution" time="0.026" errors="0" timestamp="2022-08-02T12:15:29 GMT-04:00" skipped="0">
  <testcase classname="com.testng.code.Sequence_TestNG_Annotation_Execution" name="checkTest" time="0.026"/>
  <system-out/>
</testsuite> <!-- com.testng.code.Sequence_TestNG_Annotation_Execution -->
