<?xml version="1.0" encoding="UTF-8"?>
<!-- Generated by org.testng.reporters.JUnitReportReporter -->
<testsuite hostname="preet" failures="0" tests="1" name="com.testng.code.Print_In_Reverse_Order" time="0.039" errors="0" timestamp="2022-08-02T19:15:48 GMT-04:00" skipped="0">
  <testcase classname="com.testng.code.Print_In_Reverse_Order" name="reversePrint" time="0.039"/>
  <system-out/>
</testsuite> <!-- com.testng.code.Print_In_Reverse_Order -->
