<?xml version="1.0" encoding="UTF-8"?>
<!-- Generated by org.testng.reporters.JUnitReportReporter -->
<testsuite hostname="preet" failures="0" tests="5" name="com.testng.code.AlwaysRun_True" time="0.064" errors="0" timestamp="2022-08-02T16:57:37 GMT-04:00" skipped="1">
  <testcase classname="com.testng.code.AlwaysRun_True" name="fourTestCase" time="0.037"/>
  <system-out/>
  <testcase classname="com.testng.code.AlwaysRun_True" name="twoTestCase" time="0.009"/>
  <system-out/>
  <testcase classname="com.testng.code.AlwaysRun_True" name="threeTestCase" time="0.007"/>
  <system-out/>
  <testcase classname="com.testng.code.AlwaysRun_True" name="oneTestCase" time="0.011"/>
  <system-out/>
  <testcase classname="com.testng.code.AlwaysRun_True" name="fiveTestCase">
    <skipped/>
  </testcase> <!-- fiveTestCase -->
  <system-out/>
</testsuite> <!-- com.testng.code.AlwaysRun_True -->
