<?xml version="1.0" encoding="UTF-8"?>
<!-- Generated by org.testng.reporters.JUnitReportReporter -->
<testsuite hostname="preet" failures="0" tests="1" name="com.testng.code.Pattern2" time="0.042" errors="0" timestamp="2022-08-06T19:27:38 GMT-04:00" skipped="0">
  <testcase classname="com.testng.code.Pattern2" name="pattern2Test" time="0.042"/>
  <system-out/>
</testsuite> <!-- com.testng.code.Pattern2 -->
