<?xml version="1.0" encoding="UTF-8"?>
<!-- Generated by org.testng.reporters.JUnitReportReporter -->
<testsuite hostname="preet" failures="0" tests="1" name="com.testng.code.First_Java_Program_PrintValues" time="0.045" errors="0" timestamp="2022-08-02T19:13:44 GMT-04:00" skipped="0">
  <testcase classname="com.testng.code.First_Java_Program_PrintValues" name="printValues" time="0.045"/>
  <system-out/>
</testsuite> <!-- com.testng.code.First_Java_Program_PrintValues -->
