<?xml version="1.0" encoding="UTF-8"?>
<!-- Generated by org.testng.reporters.JUnitReportReporter -->
<testsuite hostname="preet" failures="0" tests="1" name="com.testng.code.Catch_Implementing_TestNG_Annotation" time="0.019" errors="0" timestamp="2022-08-02T12:26:57 GMT-04:00" skipped="0">
  <testcase classname="com.testng.code.Catch_Implementing_TestNG_Annotation" name="iAMMust" time="0.019"/>
  <system-out/>
</testsuite> <!-- com.testng.code.Catch_Implementing_TestNG_Annotation -->
