<?xml version="1.0" encoding="UTF-8"?>
<!-- Generated by org.testng.reporters.JUnitReportReporter -->
<testsuite hostname="preet" failures="0" tests="1" name="com.testng.code.Pattern6" time="0.042" errors="0" timestamp="2022-08-06T19:37:53 GMT-04:00" skipped="0">
  <testcase classname="com.testng.code.Pattern6" name="pattern6Test" time="0.042"/>
  <system-out/>
</testsuite> <!-- com.testng.code.Pattern6 -->
