<?xml version="1.0" encoding="UTF-8"?>
<!-- Generated by org.testng.reporters.JUnitReportReporter -->
<testsuite hostname="preet" failures="0" tests="1" name="com.testng.code.Pattern1" time="0.036" errors="0" timestamp="2022-08-06T19:11:30 GMT-04:00" skipped="0">
  <testcase classname="com.testng.code.Pattern1" name="Pattern1Test" time="0.036"/>
  <system-out/>
</testsuite> <!-- com.testng.code.Pattern1 -->
