<?xml version="1.0" encoding="UTF-8"?>
<!-- Generated by org.testng.reporters.JUnitReportReporter -->
<testsuite hostname="preet" failures="0" tests="1" name="com.testng.code.Pattern4" time="0.032" errors="0" timestamp="2022-08-06T19:32:23 GMT-04:00" skipped="0">
  <testcase classname="com.testng.code.Pattern4" name="pattern4Test" time="0.032"/>
  <system-out/>
</testsuite> <!-- com.testng.code.Pattern4 -->
