<?xml version="1.0" encoding="UTF-8"?>
<!-- Generated by org.testng.reporters.JUnitReportReporter -->
<testsuite hostname="preet" failures="0" tests="1" name="com.testng.code.Nested_For_Loop_TestNG" time="0.038" errors="0" timestamp="2022-08-02T19:18:14 GMT-04:00" skipped="0">
  <testcase classname="com.testng.code.Nested_For_Loop_TestNG" name="nestedForLoop" time="0.038"/>
  <system-out/>
</testsuite> <!-- com.testng.code.Nested_For_Loop_TestNG -->
