<?xml version="1.0" encoding="UTF-8"?>
<!-- Generated by org.testng.reporters.JUnitReportReporter -->
<testsuite hostname="preet" failures="0" tests="5" name="com.testng.code.Enablememt_Disablement_TestCase" time="0.067" errors="0" timestamp="2022-08-02T16:54:18 GMT-04:00" skipped="1">
  <testcase classname="com.testng.code.Enablememt_Disablement_TestCase" name="fiveTestCase" time="0.036"/>
  <system-out/>
  <testcase classname="com.testng.code.Enablememt_Disablement_TestCase" name="fourTestCase" time="0.012"/>
  <system-out/>
  <testcase classname="com.testng.code.Enablememt_Disablement_TestCase" name="oneTestCase" time="0.008"/>
  <system-out/>
  <testcase classname="com.testng.code.Enablememt_Disablement_TestCase" name="threeTestCase" time="0.011"/>
  <system-out/>
  <testcase classname="com.testng.code.Enablememt_Disablement_TestCase" name="twoTestCase">
    <skipped/>
  </testcase> <!-- twoTestCase -->
  <system-out/>
</testsuite> <!-- com.testng.code.Enablememt_Disablement_TestCase -->
